proguard-log/seeds.txt
com.example.testapp.page.PageMain
com.example.testapp.page.PageMain: PageMain()
...
mirror.android.os.health.SystemHealthManager: java.lang.Class TYPE
com.appsflyer.oaid.R$attr: int thickness
io.opencensus.tags.TagMetadata$TagTtl: io.opencensus.tags.TagMetadata$TagTtl[] $VALUES
com.android.dx.ssa.BasicRegisterMapper: int runningCountNewRegisters
mirror.android.app.usage.StorageStats: mirror.RefLong codeBytes
org.apache.commons.codec.language.bm.RuleType: org.apache.commons.codec.language.bm.RuleType EXACT
jonathanfinerty.once.R$id: int search_close_btn
mirror.com.android.internal.R_Hide$styleable: mirror.RefStaticInt AccountAuthenticator_icon
com.android.dx.dex.code.Dops: com.android.dx.dex.code.Dop FILL_ARRAY_DATA
com.android.dx.cf.code.ByteOps: int BASTORE
com.android.dx.io.Opcodes: int INT_TO_CHAR
external.org.apache.commons.lang3.JavaVersion: external.org.apache.commons.lang3.JavaVersion JAVA_1_2
com.appsflyer.R$styleable: int LinearLayoutCompat_Layout_android_layout_weight
com.appsflyer.oaid.R$drawable: int abc_ic_star_half_black_36dp
jonathanfinerty.once.R$style: int Widget_AppCompat_ActivityChooserView
org.apache.commons.logging.impl.WeakHashtable: int changeCount
com.android.dx.command.dump.BaseDumper: int readBytes
mirror.android.content.pm.ParceledListSliceJBMR2: mirror.RefStaticObject CREATOR
com.android.dx.ssa.SCCP: java.util.ArrayList ssaWorklist
android.content.pm.IPackageInstallerSession$Stub: int TRANSACTION_isMultiPackage
com.appsflyer.oaid.R$style: int TextAppearance_AppCompat_Widget_ActionMode_Title_Inverse
com.appsflyer.oaid.R$styleable: int AppCompatTextView_drawableEndCompat
com.android.dx.command.dump.Args: boolean debug
com.appsflyer.R$color: int common_google_signin_btn_text_dark_default
com.appsflyer.oaid.R$style: int Base_Theme_AppCompat_Dialog_Alert
com.android.dx.command.dump.BaseDumper: java.lang.String filePath
jonathanfinerty.once.R$styleable: int TextAppearance_android_shadowDx
com.google.common.collect.ImmutableTable$SerializedForm: int[] cellColumnIndices
com.google.common.base.Predicates$OrPredicate: java.util.List components
jonathanfinerty.once.R$attr: int colorSwitchThumbNormal
com.android.dx.cf.code.ByteOps: int SASTORE
com.appsflyer.internal.ae$e: android.app.Application valueOf
com.google.common.base.StandardSystemProperty: com.google.common.base.StandardSystemProperty JAVA_CLASS_VERSION
com.google.common.primitives.Ints$IntArrayAsList: long serialVersionUID
com.appsflyer.R$style: int RtlOverlay_Widget_AppCompat_PopupMenuItem_Shortcut
com.appsflyer.AFInAppEventType: java.lang.String INITIATED_CHECKOUT
com.android.dx.io.OpcodeInfo: com.android.dx.io.OpcodeInfo$Info FILLED_NEW_ARRAY_RANGE
com.appsflyer.oaid.R$styleable: int AppCompatTheme_actionBarSplitStyle
com.appsflyer.oaid.R$styleable: int ViewStubCompat_android_id
com.android.dx.cf.code.ByteOps: int IFNULL
org.apache.http.HttpVersion: org.apache.http.HttpVersion HTTP_0_9
com.appsflyer.oaid.R$style: int Widget_Compat_NotificationActionContainer
com.lody.virtual.client.hiddenapibypass.Helper$MethodHandle: com.lody.virtual.client.hiddenapibypass.Helper$MethodHandle cachedSpreadInvoker
com.appsflyer.R$style: int Base_Widget_AppCompat_Light_ActionBar_TabView
jonathanfinerty.once.R$style: int Animation_AppCompat_Dialog
com.android.dx.rop.code.Rops: com.android.dx.rop.code.Rop APUT_INT
com.android.dex.DexFormat: java.lang.String VERSION_CURRENT
com.appsflyer.R$style: int Widget_AppCompat_Light_ActionButton_Overflow
com.google.common.io.Files$FilePredicate: com.google.common.io.Files$FilePredicate IS_DIRECTORY
mirror.android.content.pm.PackageParserLollipop22: mirror.RefStaticMethod generateProviderInfo
com.android.dex.FieldId: com.android.dex.Dex dex
com.appsflyer.oaid.R$styleable: int AppCompatTheme_windowActionBar
com.android.dx.rop.code.LocalItem: com.android.dx.rop.cst.CstString name
io.opencensus.trace.Status$CanonicalCode: io.opencensus.trace.Status$CanonicalCode DATA_LOSS
com.appsflyer.R$id: int adjust_height
com.appsflyer.oaid.R$styleable: int[] LinearLayoutCompat_Layout